<?xml version="1.0" encoding="UTF-8"?>
<testsuite name="com.CCDHB.UniformMangement.UniformMangementApplicationTests" tests="1" skipped="0" failures="0" errors="0" timestamp="2025-05-08T22:14:55" hostname="Hamishs-MacBook-Pro.local" time="0.608">
  <properties/>
  <testcase name="contextLoads()" classname="com.CCDHB.UniformMangement.UniformMangementApplicationTests" time="0.608"/>
  <system-out><![CDATA[10:14:51.559 [Test worker] INFO org.springframework.test.context.support.AnnotationConfigContextLoaderUtils -- Could not detect default configuration classes for test class [com.CCDHB.UniformMangement.UniformMangementApplicationTests]: UniformMangementApplicationTests does not declare any static, non-private, non-final, nested classes annotated with @Configuration.
10:14:51.676 [Test worker] INFO org.springframework.boot.test.context.SpringBootTestContextBootstrapper -- Found @SpringBootConfiguration com.CCDHB.UniformMangement.UniformMangementApplication for test class com.CCDHB.UniformMangement.UniformMangementApplicationTests

  .   ____          _            __ _ _
 /\\ / ___'_ __ _ _(_)_ __  __ _ \ \ \ \
( ( )\___ | '_ | '_| | '_ \/ _` | \ \ \ \
 \\/  ___)| |_)| | | | | || (_| |  ) ) ) )
  '  |____| .__|_| |_|_| |_\__, | / / / /
 =========|_|==============|___/=/_/_/_/

 :: Spring Boot ::                (v3.4.4)

2025-05-09T10:14:52.089+12:00  INFO 49567 --- [    Test worker] c.C.U.UniformMangementApplicationTests   : Starting UniformMangementApplicationTests using Java 21.0.4 with PID 49567 (started by hamishp in /Users/hamishp/Documents/HamsFiles/2025/UniformManagement/backend)
2025-05-09T10:14:52.091+12:00  INFO 49567 --- [    Test worker] c.C.U.UniformMangementApplicationTests   : No active profile set, falling back to 1 default profile: "default"
2025-05-09T10:14:52.655+12:00  INFO 49567 --- [    Test worker] .s.d.r.c.RepositoryConfigurationDelegate : Bootstrapping Spring Data JPA repositories in DEFAULT mode.
2025-05-09T10:14:52.704+12:00  INFO 49567 --- [    Test worker] .s.d.r.c.RepositoryConfigurationDelegate : Finished Spring Data repository scanning in 40 ms. Found 1 JPA repository interface.
2025-05-09T10:14:53.059+12:00  INFO 49567 --- [    Test worker] o.hibernate.jpa.internal.util.LogHelper  : HHH000204: Processing PersistenceUnitInfo [name: default]
2025-05-09T10:14:53.104+12:00  INFO 49567 --- [    Test worker] org.hibernate.Version                    : HHH000412: Hibernate ORM core version 6.6.11.Final
2025-05-09T10:14:53.139+12:00  INFO 49567 --- [    Test worker] o.h.c.internal.RegionFactoryInitiator    : HHH000026: Second-level cache disabled
2025-05-09T10:14:53.397+12:00  INFO 49567 --- [    Test worker] o.s.o.j.p.SpringPersistenceUnitInfo      : No LoadTimeWeaver setup: ignoring JPA class transformer
2025-05-09T10:14:53.426+12:00  INFO 49567 --- [    Test worker] com.zaxxer.hikari.HikariDataSource       : HikariPool-1 - Starting...
2025-05-09T10:14:53.531+12:00  INFO 49567 --- [    Test worker] com.zaxxer.hikari.pool.HikariPool        : HikariPool-1 - Added connection org.postgresql.jdbc.PgConnection@126675fd
2025-05-09T10:14:53.533+12:00  INFO 49567 --- [    Test worker] com.zaxxer.hikari.HikariDataSource       : HikariPool-1 - Start completed.
2025-05-09T10:14:53.565+12:00  WARN 49567 --- [    Test worker] org.hibernate.orm.deprecation            : HHH90000025: PostgreSQLDialect does not need to be specified explicitly using 'hibernate.dialect' (remove the property setting and it will be selected by default)
2025-05-09T10:14:53.586+12:00  INFO 49567 --- [    Test worker] org.hibernate.orm.connections.pooling    : HHH10001005: Database info:
	Database JDBC URL [Connecting through datasource 'HikariDataSource (HikariPool-1)']
	Database driver: undefined/unknown
	Database version: 17.5
	Autocommit mode: undefined/unknown
	Isolation level: undefined/unknown
	Minimum pool size: undefined/unknown
	Maximum pool size: undefined/unknown
2025-05-09T10:14:54.317+12:00  INFO 49567 --- [    Test worker] o.h.e.t.j.p.i.JtaPlatformInitiator       : HHH000489: No JTA platform available (set 'hibernate.transaction.jta.platform' to enable JTA platform integration)
2025-05-09T10:14:54.363+12:00  INFO 49567 --- [    Test worker] j.LocalContainerEntityManagerFactoryBean : Initialized JPA EntityManagerFactory for persistence unit 'default'
2025-05-09T10:14:54.721+12:00  WARN 49567 --- [    Test worker] JpaBaseConfiguration$JpaWebConfiguration : spring.jpa.open-in-view is enabled by default. Therefore, database queries may be performed during view rendering. Explicitly configure spring.jpa.open-in-view to disable this warning
2025-05-09T10:14:54.746+12:00  INFO 49567 --- [    Test worker] o.s.b.a.w.s.WelcomePageHandlerMapping    : Adding welcome page: class path resource [static/index.html]
2025-05-09T10:14:55.082+12:00  INFO 49567 --- [    Test worker] c.C.U.UniformMangementApplicationTests   : Started UniformMangementApplicationTests in 3.268 seconds (process running for 4.426)
]]></system-out>
  <system-err><![CDATA[Mockito is currently self-attaching to enable the inline-mock-maker. This will no longer work in future releases of the JDK. Please add Mockito as an agent to your build what is described in Mockito's documentation: https://javadoc.io/doc/org.mockito/mockito-core/latest/org/mockito/Mockito.html#0.3
WARNING: A Java agent has been loaded dynamically (/Users/hamishp/.gradle/caches/modules-2/files-2.1/net.bytebuddy/byte-buddy-agent/1.15.11/a38b16385e867f59a641330f0362ebe742788ed8/byte-buddy-agent-1.15.11.jar)
WARNING: If a serviceability tool is in use, please run with -XX:+EnableDynamicAgentLoading to hide this warning
WARNING: If a serviceability tool is not in use, please run with -Djdk.instrument.traceUsage for more information
WARNING: Dynamic loading of agents will be disallowed by default in a future release
]]></system-err>
</testsuite>
